[2019-11-20T15:49:30.438] [INFO] cheese - 服務器啟動
[2019-11-20T16:13:12.329] [INFO] cheese - 服务器启动，5秒后开始跑帐号注册伫列 ...
[2019-11-20T16:13:28.474] [DEBUG] cheese - { CHALLENGE: 'dev188',
  PRODUCT: 'iPhone11,6',
  SERIAL: 'G6TYP1ANKPH1',
  UDID: '00008020-000B683C01D1002E',
  VERSION: '17A577',
  SHA1: 'e9e3b8e2a0ae36ab99560a1aa925f17c86900fca' }
[2019-11-20T16:13:28.561] [DEBUG] cheese - { status: -107,
  device_id: 10,
  charge_status: 1,
  ipa_name: '1574232291',
  ipa_path:
   'https://appdownload.webpxy.info/APP_dbp_1604/1574232291/1574232291.ipa',
  site_code: 6,
  msg: 'app已存在且已簽過名 ...' }
[2019-11-20T16:50:49.805] [INFO] cheese - 服务器启动，5秒后开始跑帐号注册伫列 ...
[2019-11-20T16:51:20.282] [DEBUG] cheese - { CHALLENGE: 'devDBP',
  PRODUCT: 'iPhone11,6',
  SERIAL: 'G6TYP1ANKPH1',
  UDID: '00008020-000B683C01D1002E',
  VERSION: '17A577',
  SHA1: 'e9e3b8e2a0ae36ab99560a1aa925f17c86900fca' }
[2019-11-20T16:51:20.317] [DEBUG] cheese - { status: -107,
  device_id: 10,
  charge_status: 1,
  ipa_name: '1574232291',
  ipa_path:
   'https://appdownload.webpxy.info/APP_dbp_1604/1574232291/1574232291.ipa',
  site_code: 6,
  msg: 'app已存在且已簽過名 ...' }
